This file contains any messages produced by compilers while
running configure, to aid debugging if configure makes a mistake.

It was created by GNU C Library configure (see version.h), which was
generated by GNU Autoconf 2.69.  Invocation command line was

  $ /app/glibc-2.32/configure 

## --------- ##
## Platform. ##
## --------- ##

hostname = 5560c3b089be
uname -m = x86_64
uname -r = 5.18.15-arch1-1
uname -s = Linux
uname -v = #1 SMP PREEMPT_DYNAMIC Fri, 29 Jul 2022 22:52:39 +0000

/usr/bin/uname -p = unknown
/bin/uname -X     = unknown

/bin/arch              = unknown
/usr/bin/arch -k       = unknown
/usr/convex/getsysinfo = unknown
/usr/bin/hostinfo      = unknown
/bin/machine           = unknown
/usr/bin/oslevel       = unknown
/bin/universe          = unknown

PATH: /usr/local/bin
PATH: /usr/local/sbin
PATH: /usr/local/bin
PATH: /usr/sbin
PATH: /usr/bin
PATH: /sbin
PATH: /bin


## ----------- ##
## Core tests. ##
## ----------- ##

configure:2210: checking build system type
configure:2224: result: x86_64-pc-linux-gnu
configure:2244: checking host system type
configure:2257: result: x86_64-pc-linux-gnu
configure:2326: checking for gcc
configure:2342: found /usr/bin/gcc
configure:2353: result: gcc
configure:2582: checking for C compiler version
configure:2591: gcc --version >&5
gcc (Debian 10.2.1-6) 10.2.1 20210110
Copyright (C) 2020 Free Software Foundation, Inc.
This is free software; see the source for copying conditions.  There is NO
warranty; not even for MERCHANTABILITY or FITNESS FOR A PARTICULAR PURPOSE.

configure:2602: $? = 0
configure:2591: gcc -v >&5
Using built-in specs.
COLLECT_GCC=gcc
COLLECT_LTO_WRAPPER=/usr/lib/gcc/x86_64-linux-gnu/10/lto-wrapper
OFFLOAD_TARGET_NAMES=nvptx-none:amdgcn-amdhsa:hsa
OFFLOAD_TARGET_DEFAULT=1
Target: x86_64-linux-gnu
Configured with: ../src/configure -v --with-pkgversion='Debian 10.2.1-6' --with-bugurl=file:///usr/share/doc/gcc-10/README.Bugs --enable-languages=c,ada,c++,go,brig,d,fortran,objc,obj-c++,m2 --prefix=/usr --with-gcc-major-version-only --program-suffix=-10 --program-prefix=x86_64-linux-gnu- --enable-shared --enable-linker-build-id --libexecdir=/usr/lib --without-included-gettext --enable-threads=posix --libdir=/usr/lib --enable-nls --enable-bootstrap --enable-clocale=gnu --enable-libstdcxx-debug --enable-libstdcxx-time=yes --with-default-libstdcxx-abi=new --enable-gnu-unique-object --disable-vtable-verify --enable-plugin --enable-default-pie --with-system-zlib --enable-libphobos-checking=release --with-target-system-zlib=auto --enable-objc-gc=auto --enable-multiarch --disable-werror --with-arch-32=i686 --with-abi=m64 --with-multilib-list=m32,m64,mx32 --enable-multilib --with-tune=generic --enable-offload-targets=nvptx-none=/build/gcc-10-Km9U7s/gcc-10-10.2.1/debian/tmp-nvptx/usr,amdgcn-amdhsa=/build/gcc-10-Km9U7s/gcc-10-10.2.1/debian/tmp-gcn/usr,hsa --without-cuda-driver --enable-checking=release --build=x86_64-linux-gnu --host=x86_64-linux-gnu --target=x86_64-linux-gnu --with-build-config=bootstrap-lto-lean --enable-link-mutex
Thread model: posix
Supported LTO compression algorithms: zlib zstd
gcc version 10.2.1 20210110 (Debian 10.2.1-6) 
... rest of stderr output deleted ...
configure:2602: $? = 0
configure:2591: gcc -V >&5
gcc: error: unrecognized command-line option '-V'
gcc: fatal error: no input files
compilation terminated.
configure:2602: $? = 1
configure:2591: gcc -qversion >&5
gcc: error: unrecognized command-line option '-qversion'; did you mean '--version'?
gcc: fatal error: no input files
compilation terminated.
configure:2602: $? = 1
configure:2607: checking for suffix of object files
configure:2629: gcc -c   conftest.c >&5
configure:2633: $? = 0
configure:2654: result: o
configure:2658: checking whether we are using the GNU C compiler
configure:2677: gcc -c   conftest.c >&5
configure:2677: $? = 0
configure:2686: result: yes
configure:2695: checking whether gcc accepts -g
configure:2715: gcc -c -g  conftest.c >&5
configure:2715: $? = 0
configure:2756: result: yes
configure:2876: checking for readelf
configure:2892: found /usr/bin/readelf
configure:2903: result: readelf
configure:2985: checking for g++
configure:3015: result: no
configure:2985: checking for c++
configure:3015: result: no
configure:2985: checking for gpp
configure:3015: result: no
configure:2985: checking for aCC
configure:3015: result: no
configure:2985: checking for CC
configure:3015: result: no
configure:2985: checking for cxx
configure:3015: result: no
configure:2985: checking for cc++
configure:3015: result: no
configure:2985: checking for cl.exe
configure:3015: result: no
configure:2985: checking for FCC
configure:3015: result: no
configure:2985: checking for KCC
configure:3015: result: no
configure:2985: checking for RCC
configure:3015: result: no
configure:2985: checking for xlC_r
configure:3015: result: no
configure:2985: checking for xlC
configure:3015: result: no
configure:3039: checking for C++ compiler version
configure:3048: g++ --version >&5
/app/glibc-2.32/configure: line 3050: g++: command not found
configure:3059: $? = 127
configure:3048: g++ -v >&5
/app/glibc-2.32/configure: line 3050: g++: command not found
configure:3059: $? = 127
configure:3048: g++ -V >&5
/app/glibc-2.32/configure: line 3050: g++: command not found
configure:3059: $? = 127
configure:3048: g++ -qversion >&5
/app/glibc-2.32/configure: line 3050: g++: command not found
configure:3059: $? = 127
configure:3063: checking whether we are using the GNU C++ compiler
configure:3082: g++ -c   conftest.cpp >&5
/app/glibc-2.32/configure: line 1630: g++: command not found
configure:3082: $? = 127
configure: failed program was:
| /* confdefs.h */
| #define PACKAGE_NAME "GNU C Library"
| #define PACKAGE_TARNAME "glibc"
| #define PACKAGE_VERSION "(see version.h)"
| #define PACKAGE_STRING "GNU C Library (see version.h)"
| #define PACKAGE_BUGREPORT "https://sourceware.org/bugzilla/"
| #define PACKAGE_URL "https://www.gnu.org/software/glibc/"
| #define PKGVERSION "(GNU libc) "
| #define REPORT_BUGS_TO "<https://www.gnu.org/software/libc/bugs.html>"
| /* end confdefs.h.  */
| 
| int
| main ()
| {
| #ifndef __GNUC__
|        choke me
| #endif
| 
|   ;
|   return 0;
| }
configure:3091: result: no
configure:3100: checking whether g++ accepts -g
configure:3120: g++ -c -g  conftest.cpp >&5
/app/glibc-2.32/configure: line 1630: g++: command not found
configure:3120: $? = 127
configure: failed program was:
| /* confdefs.h */
| #define PACKAGE_NAME "GNU C Library"
| #define PACKAGE_TARNAME "glibc"
| #define PACKAGE_VERSION "(see version.h)"
| #define PACKAGE_STRING "GNU C Library (see version.h)"
| #define PACKAGE_BUGREPORT "https://sourceware.org/bugzilla/"
| #define PACKAGE_URL "https://www.gnu.org/software/glibc/"
| #define PKGVERSION "(GNU libc) "
| #define REPORT_BUGS_TO "<https://www.gnu.org/software/libc/bugs.html>"
| /* end confdefs.h.  */
| 
| int
| main ()
| {
| 
|   ;
|   return 0;
| }
configure:3135: g++ -c   conftest.cpp >&5
/app/glibc-2.32/configure: line 1630: g++: command not found
configure:3135: $? = 127
configure: failed program was:
| /* confdefs.h */
| #define PACKAGE_NAME "GNU C Library"
| #define PACKAGE_TARNAME "glibc"
| #define PACKAGE_VERSION "(see version.h)"
| #define PACKAGE_STRING "GNU C Library (see version.h)"
| #define PACKAGE_BUGREPORT "https://sourceware.org/bugzilla/"
| #define PACKAGE_URL "https://www.gnu.org/software/glibc/"
| #define PKGVERSION "(GNU libc) "
| #define REPORT_BUGS_TO "<https://www.gnu.org/software/libc/bugs.html>"
| /* end confdefs.h.  */
| 
| int
| main ()
| {
| 
|   ;
|   return 0;
| }
configure:3151: g++ -c -g  conftest.cpp >&5
/app/glibc-2.32/configure: line 1630: g++: command not found
configure:3151: $? = 127
configure: failed program was:
| /* confdefs.h */
| #define PACKAGE_NAME "GNU C Library"
| #define PACKAGE_TARNAME "glibc"
| #define PACKAGE_VERSION "(see version.h)"
| #define PACKAGE_STRING "GNU C Library (see version.h)"
| #define PACKAGE_BUGREPORT "https://sourceware.org/bugzilla/"
| #define PACKAGE_URL "https://www.gnu.org/software/glibc/"
| #define PKGVERSION "(GNU libc) "
| #define REPORT_BUGS_TO "<https://www.gnu.org/software/libc/bugs.html>"
| /* end confdefs.h.  */
| 
| int
| main ()
| {
| 
|   ;
|   return 0;
| }
configure:3161: result: no
configure:3186: checking whether g++ can link programs
configure:3209: g++ -o conftest    conftest.cpp  >&5
/app/glibc-2.32/configure: line 1668: g++: command not found
configure:3209: $? = 127
configure: failed program was:
| /* confdefs.h */
| #define PACKAGE_NAME "GNU C Library"
| #define PACKAGE_TARNAME "glibc"
| #define PACKAGE_VERSION "(see version.h)"
| #define PACKAGE_STRING "GNU C Library (see version.h)"
| #define PACKAGE_BUGREPORT "https://sourceware.org/bugzilla/"
| #define PACKAGE_URL "https://www.gnu.org/software/glibc/"
| #define PKGVERSION "(GNU libc) "
| #define REPORT_BUGS_TO "<https://www.gnu.org/software/libc/bugs.html>"
| /* end confdefs.h.  */
| 
| int
| main ()
| {
| 
|   ;
|   return 0;
| }
configure:3232: g++ -o conftest    -static conftest.cpp  >&5
/app/glibc-2.32/configure: line 1668: g++: command not found
configure:3232: $? = 127
configure: failed program was:
| /* confdefs.h */
| #define PACKAGE_NAME "GNU C Library"
| #define PACKAGE_TARNAME "glibc"
| #define PACKAGE_VERSION "(see version.h)"
| #define PACKAGE_STRING "GNU C Library (see version.h)"
| #define PACKAGE_BUGREPORT "https://sourceware.org/bugzilla/"
| #define PACKAGE_URL "https://www.gnu.org/software/glibc/"
| #define PKGVERSION "(GNU libc) "
| #define REPORT_BUGS_TO "<https://www.gnu.org/software/libc/bugs.html>"
| /* end confdefs.h.  */
| 
| #include <iostream>
| 
| int
| main()
| {
|   std::cout << "Hello, world!";
|   return 0;
| }
| 
configure:3247: result: no
configure:3758: gcc -c -g -O2  conftest.c >&5
conftest.c: In function 'main':
conftest.c:18:3: error: #error no CET compiler support
   18 | # error no CET compiler support
      |   ^~~~~
configure:3758: $? = 1
configure: failed program was:
| /* confdefs.h */
| #define PACKAGE_NAME "GNU C Library"
| #define PACKAGE_TARNAME "glibc"
| #define PACKAGE_VERSION "(see version.h)"
| #define PACKAGE_STRING "GNU C Library (see version.h)"
| #define PACKAGE_BUGREPORT "https://sourceware.org/bugzilla/"
| #define PACKAGE_URL "https://www.gnu.org/software/glibc/"
| #define PKGVERSION "(GNU libc) "
| #define REPORT_BUGS_TO "<https://www.gnu.org/software/libc/bugs.html>"
| #define HAVE_TUNABLES 1
| /* end confdefs.h.  */
| 
| int
| main ()
| {
| 
| #ifndef __CET__
| # error no CET compiler support
| #endif
|   ;
|   return 0;
| }
configure:3817: checking for sysdeps preconfigure fragments
configure:6: checking for grep that handles long lines and -e
configure:64: result: /bin/grep
configure:69: checking for egrep
configure:131: result: /bin/grep -E
configure:6: checking for grep that handles long lines and -e
configure:64: result: /bin/grep
configure:69: checking for egrep
configure:131: result: /bin/grep -E
configure:9: checking whether gcc compiles in -mx32 mode by default
configure:27: gcc -c -g -O2  conftest.c >&5
conftest.c:13:3: error: #error not x32
   13 | # error not x32
      |   ^~~~~
configure:27: $? = 1
configure: failed program was:
| /* confdefs.h */
| #define PACKAGE_NAME "GNU C Library"
| #define PACKAGE_TARNAME "glibc"
| #define PACKAGE_VERSION "(see version.h)"
| #define PACKAGE_STRING "GNU C Library (see version.h)"
| #define PACKAGE_BUGREPORT "https://sourceware.org/bugzilla/"
| #define PACKAGE_URL "https://www.gnu.org/software/glibc/"
| #define PKGVERSION "(GNU libc) "
| #define REPORT_BUGS_TO "<https://www.gnu.org/software/libc/bugs.html>"
| #define HAVE_TUNABLES 1
| /* end confdefs.h.  */
| #ifndef __ILP32__
| # error not x32
| #endif
| int
| main ()
| {
| 
|   ;
|   return 0;
| }
configure:34: result: no
configure:3824: result: 
configure:3854: checking for use of fpu sysdeps directories
configure:3873: result: yes
configure:3877: checking for -fstack-protector
configure:3883: gcc -g -O2  -Werror -fstack-protector -xc /dev/null -S -o /dev/null
configure:3886: $? = 0
configure:3894: result: yes
configure:3897: checking for -fstack-protector-strong
configure:3903: gcc -g -O2  -Werror -fstack-protector-strong -xc /dev/null -S -o /dev/null
configure:3906: $? = 0
configure:3914: result: yes
configure:3917: checking for -fstack-protector-all
configure:3923: gcc -g -O2  -Werror -fstack-protector-all -xc /dev/null -S -o /dev/null
configure:3926: $? = 0
configure:3934: result: yes
configure:3977: checking for assembler and linker STT_GNU_IFUNC support

Relocation section '.rela.dyn' at offset 0x248 contains 1 entry:
  Offset          Info           Type           Sym. Value    Sym. Name + Addend
000000002000  000000000025 R_X86_64_IRELATIV                    1000
configure:4008: result: yes
configure:4012: checking for gcc attribute ifunc support
configure:4038: result: yes
configure:4043: checking whether the linker supports textrels along with ifunc
configure:4073: gcc -g -O2   -nostartfiles -nostdlib -fno-stack-protector -pie -o conftest conftest.S
/usr/bin/ld: /tmp/ccvaTWGM.o: warning: relocation against `address' in read-only section `.text'
/usr/bin/ld: warning: GNU indirect functions with DT_TEXTREL may result in a segfault at runtime; recompile with -fPIE
/usr/bin/ld: warning: creating DT_TEXTREL in a PIE
configure:4076: $? = 0
configure:4083: result: yes
configure:4088: checking if compiler warns about alias for function with incompatible types
conftest.c:9:34: error: 'foo_alias' alias between functions of incompatible types 'int(const void *, int)' and 'int (*(void))(const void *, int)' [-Werror=attribute-alias=]
    9 | extern __typeof (__redirect_foo) foo_alias __attribute__ ((alias ("foo")));
      |                                  ^~~~~~~~~
conftest.c:4:28: note: aliased declaration here
    4 | __typeof (__redirect_foo) *foo_impl (void)
      |                            ^~~~~~~~
cc1: all warnings being treated as errors
configure:4110: result: yes
configure:4148: checking sysdep dirs
configure:4346: result: sysdeps/generic
configure:4366: checking for a BSD-compatible install
configure:4434: result: /usr/bin/install -c
configure:4449: checking whether ln -s works
configure:4453: result: yes
configure:4479: checking whether as is GNU as
configure:4493: result: yes
configure:4498: checking whether ld is GNU ld
configure:4512: result: yes
configure:4522: checking for as
configure:4549: result: as
configure:4564: checking version of as
configure:4574: result: 2.35.2, ok
configure:4652: checking for ld
configure:4679: result: ld
configure:4694: checking version of ld
configure:4704: result: 2.35.2, ok
configure:4719: checking for gnumake
configure:4749: result: no
configure:4719: checking for gmake
configure:4735: found /usr/bin/gmake
configure:4746: result: gmake
configure:4761: checking version of gmake
configure:4771: result: 4.3, ok
configure:4783: checking for gnumsgfmt
configure:4813: result: no
configure:4783: checking for gmsgfmt
configure:4813: result: no
configure:4783: checking for msgfmt
configure:4813: result: no
configure:4846: checking for makeinfo
configure:4876: result: no
configure:4909: checking for sed
configure:4925: found /bin/sed
configure:4936: result: sed
configure:4951: checking version of sed
configure:4961: result: 4.7, ok
configure:4972: checking for gawk
configure:4988: found /usr/bin/gawk
configure:4999: result: gawk
configure:5014: checking version of gawk
configure:5024: result: 5.1.0, ok
configure:5035: checking for bison
configure:5051: found /usr/bin/bison
configure:5062: result: bison
configure:5077: checking version of bison
configure:5087: result: 3.7.5, ok
configure:5095: checking if gcc is sufficient to build libc
configure:5115: gcc -c -g -O2  conftest.c >&5
configure:5115: $? = 0
configure:5122: result: yes
configure:5171: checking for nm
configure:5187: found /usr/bin/nm
configure:5198: result: nm
configure:5296: checking for python3
configure:5312: found /usr/local/bin/python3
configure:5323: result: python3
configure:5338: checking version of python3
configure:5348: result: 3.8.13, ok
configure:5365: WARNING:
*** These auxiliary programs are missing or incompatible versions: msgfmt makeinfo
*** some features or tests will be disabled.
*** Check the INSTALL file for required versions.
configure:5416: checking LD_LIBRARY_PATH variable
configure:5426: result: ok
configure:5437: checking for bash
configure:5455: found /bin/bash
configure:5468: result: /bin/bash
configure:5479: checking for perl
configure:5497: found /usr/bin/perl
configure:5510: result: /usr/bin/perl
configure:5524: checking for install-info
configure:5556: result: no
configure:5565: checking for .set assembler directive
configure:5591: result: yes
configure:5598: checking linker support for protected data symbol
configure:5608: gcc -nostdlib -nostartfiles -fno-stack-protector -fPIC -shared conftest.c -o conftest.so
configure:5611: $? = 0
configure:5618: gcc -nostdlib -nostartfiles -fno-stack-protector conftest.c -o conftest conftest.so
/usr/bin/ld: warning: cannot find entry symbol _start; defaulting to 0000000000001000
configure:5621: $? = 0
configure:5629: result: yes
configure:5633: checking linker support for INSERT in linker script
configure:5651: gcc -nostdlib -nostartfiles -fno-stack-protector -fPIC -shared conftest.c -Wl,-T,conftest.t -o conftest.so
configure:5654: $? = 0
configure:5661: result: yes
configure:5665: checking for broken __attribute__((alias()))
configure:5680: gcc -Werror -S conftest.c -o conftest.s 1>&5
configure:5683: $? = 0
configure:5693: result: no
configure:5699: checking whether to put _rtld_local into .sdata section
configure:5713: result: no
configure:5720: checking for libunwind-support in compiler
configure:5737: result: no
configure:5746: checking whether --noexecstack is desirable for .S files
configure:5756: gcc -g -O2 
		   -S -o conftest.s conftest.c 1>&5
configure:5759: $? = 0
configure:5764: gcc  -Wa,--noexecstack
		      -c -o conftest.o conftest.s 1>&5
configure:5767: $? = 0
configure:5776: result: yes
configure:5783: checking for -z combreloc
configure:5797: gcc -g -O2  
			-fPIC -shared -fno-stack-protector -o conftest.so conftest.c
			-nostdlib -nostartfiles
			-Wl,-z,combreloc 1>&5
configure:5800: $? = 0
configure:5813: result: yes
configure:5821: checking for linker that supports -z execstack
configure:5834: gcc -g -O2   -fno-stack-protector
				-Wl,-z,execstack -nostdlib -nostartfiles
				-fPIC -shared -o conftest.so conftest.c
				1>&5
configure:5837: $? = 0
configure:5850: result: yes
configure:5854: checking for linker that supports --no-dynamic-linker
configure:5867: gcc -g -O2   -fno-stack-protector
				-Wl,--no-dynamic-linker -nostdlib -nostartfiles
				-fPIC -shared -o conftest.so conftest.c
				1>&5
configure:5870: $? = 0
configure:5883: result: yes
configure:5888: checking for -static-pie
configure:5894: gcc -static-pie -xc /dev/null -S -o /dev/null
configure:5897: $? = 0
configure:5905: result: yes
configure:5910: checking for -fpie
configure:5916: gcc -fpie -xc /dev/null -S -o /dev/null
configure:5919: $? = 0
configure:5927: result: yes
configure:5932: checking for --hash-style option
configure:5943: gcc -g -O2   -fno-stack-protector
			    -fPIC -shared -o conftest.so conftest.c
			    -Wl,--hash-style=both -nostdlib 1>&5
configure:5946: $? = 0
configure:5955: result: yes
configure:5963: checking for sufficient default -shared layout
configure:5982:   gcc  -shared -o conftest.so conftest.s 1>&5
/usr/bin/ld: cannot find crti.o: No such file or directory
collect2: error: ld returned 1 exit status
configure:5985: $? = 1
configure:6017: result: no
configure:6022: checking for GLOB_DAT reloc
configure:6035: gcc -g -O2  
			-fPIC -shared -o conftest.so conftest.c
			-nostdlib -nostartfiles -fno-stack-protector
			1>&5
configure:6038: $? = 0
configure:6051: result: yes
configure:6055: checking linker output format
configure:6069: result: elf64-x86-64
configure:6073: checking for -fno-toplevel-reorder -fno-section-anchors
configure:6083: gcc -g -O2  -S -fno-toplevel-reorder -fno-section-anchors
			    conftest.c 1>&5
configure:6086: $? = 0
configure:6095: result: yes
configure:6104: checking for -mtls-dialect=gnu2
configure:6118: gcc -g -O2  -S -fPIC -mtls-dialect=gnu2
		   conftest.c 1>&5
configure:6121: $? = 0
configure:6130: result: yes
configure:6136: checking whether cc puts quotes around section names
configure:6157: result: no
configure:6164: checking for __builtin_memset
configure:6176: gcc -O3 -S conftest.c -o - | grep -F memset > /dev/null
configure:6179: $? = 1
configure:6188: result: yes
configure:6195: checking for redirection of built-in functions
configure:6208: gcc -O3 -S conftest.c -o - | grep -F my_strstr > /dev/null
configure:6211: $? = 0
configure:6220: result: yes
configure:6226: checking for compiler option to disable generation of FMA instructions
configure:6234: gcc -ffp-contract=off -xc /dev/null -S -o /dev/null
configure:6237: $? = 0
configure:6243: result: -ffp-contract=off
configure:6276: checking if gcc accepts -fno-tree-loop-distribute-patterns with __attribute__ ((__optimize__))
configure:6289: gcc -g -O2  -c conftest.c
configure:6292: $? = 0
configure:6299: result: yes
configure:6307: checking for libgd
configure:6327: gcc -o conftest -g -O2     conftest.c  -lgd -lpng -lz -lm >&5
conftest.c:19:10: fatal error: gd.h: No such file or directory
   19 | #include <gd.h>
      |          ^~~~~~
compilation terminated.
configure:6327: $? = 1
configure: failed program was:
| /* confdefs.h */
| #define PACKAGE_NAME "GNU C Library"
| #define PACKAGE_TARNAME "glibc"
| #define PACKAGE_VERSION "(see version.h)"
| #define PACKAGE_STRING "GNU C Library (see version.h)"
| #define PACKAGE_BUGREPORT "https://sourceware.org/bugzilla/"
| #define PACKAGE_URL "https://www.gnu.org/software/glibc/"
| #define PKGVERSION "(GNU libc) "
| #define REPORT_BUGS_TO "<https://www.gnu.org/software/libc/bugs.html>"
| #define HAVE_TUNABLES 1
| #define HAVE_CC_NO_STACK_PROTECTOR 1
| #define STACK_PROTECTOR_LEVEL 0
| #define USE_MULTIARCH 1
| #define HAVE_ASM_SET_DIRECTIVE 1
| #define HAVE_Z_COMBRELOC 1
| #define HAVE_BUILTIN_MEMSET 1
| #define HAVE_CC_INHIBIT_LOOP_TO_LIBCALL 1
| /* end confdefs.h.  */
| #include <gd.h>
| int
| main ()
| {
| gdImagePng (0, 0)
|   ;
|   return 0;
| }
configure:6340: result: no
configure:6349: checking for is_selinux_enabled in -lselinux
configure:6374: gcc -o conftest -g -O2   conftest.c -lselinux   >&5
/usr/bin/ld: cannot find Scrt1.o: No such file or directory
/usr/bin/ld: cannot find crti.o: No such file or directory
/usr/bin/ld: cannot find -lselinux
collect2: error: ld returned 1 exit status
configure:6374: $? = 1
configure: failed program was:
| /* confdefs.h */
| #define PACKAGE_NAME "GNU C Library"
| #define PACKAGE_TARNAME "glibc"
| #define PACKAGE_VERSION "(see version.h)"
| #define PACKAGE_STRING "GNU C Library (see version.h)"
| #define PACKAGE_BUGREPORT "https://sourceware.org/bugzilla/"
| #define PACKAGE_URL "https://www.gnu.org/software/glibc/"
| #define PKGVERSION "(GNU libc) "
| #define REPORT_BUGS_TO "<https://www.gnu.org/software/libc/bugs.html>"
| #define HAVE_TUNABLES 1
| #define HAVE_CC_NO_STACK_PROTECTOR 1
| #define STACK_PROTECTOR_LEVEL 0
| #define USE_MULTIARCH 1
| #define HAVE_ASM_SET_DIRECTIVE 1
| #define HAVE_Z_COMBRELOC 1
| #define HAVE_BUILTIN_MEMSET 1
| #define HAVE_CC_INHIBIT_LOOP_TO_LIBCALL 1
| /* end confdefs.h.  */
| 
| /* Override any GCC internal prototype to avoid an error.
|    Use char because int might match the return type of a GCC
|    builtin and then its argument prototype would still apply.  */
| #ifdef __cplusplus
| extern "C"
| #endif
| char is_selinux_enabled ();
| int
| main ()
| {
| return is_selinux_enabled ();
|   ;
|   return 0;
| }
configure:6383: result: no
configure:6506: checking for _FORTIFY_SOURCE predefine
configure:6525: gcc -c -g -O2  conftest.c >&5
configure:6525: $? = 0
configure:6532: result: no
configure:6542: checking whether the linker provides working __ehdr_start
configure:6565: gcc -o conftest -g -O2 -fPIC   -nostdlib -nostartfiles -shared -fno-stack-protector conftest.c  >&5
configure:6565: $? = 0
configure:6581: result: yes
configure:6591: checking for __builtin_trap with no external dependencies
configure:6608: gcc -c -g -O2  conftest.c >&5
configure:6608: $? = 0
libc_undefs=''
configure:6622: result: yes
configure:6636: checking whether the C++ compiler supports thread_local
configure:6664:  -c  -std=gnu++11  conftest.cpp >&5
/app/glibc-2.32/configure: line 1630: -c: command not found
configure:6664: $? = 127
configure: failed program was:
| /* confdefs.h */
| #define PACKAGE_NAME "GNU C Library"
| #define PACKAGE_TARNAME "glibc"
| #define PACKAGE_VERSION "(see version.h)"
| #define PACKAGE_STRING "GNU C Library (see version.h)"
| #define PACKAGE_BUGREPORT "https://sourceware.org/bugzilla/"
| #define PACKAGE_URL "https://www.gnu.org/software/glibc/"
| #define PKGVERSION "(GNU libc) "
| #define REPORT_BUGS_TO "<https://www.gnu.org/software/libc/bugs.html>"
| #define HAVE_TUNABLES 1
| #define HAVE_CC_NO_STACK_PROTECTOR 1
| #define STACK_PROTECTOR_LEVEL 0
| #define USE_MULTIARCH 1
| #define HAVE_ASM_SET_DIRECTIVE 1
| #define HAVE_Z_COMBRELOC 1
| #define HAVE_BUILTIN_MEMSET 1
| #define HAVE_CC_INHIBIT_LOOP_TO_LIBCALL 1
| #define HAVE_EHDR_START 1
| #define HAVE_BUILTIN_TRAP 1
| /* end confdefs.h.  */
| 
| #include <thread>
| 
| // Compiler support.
| struct S
| {
|   S ();
|   ~S ();
| };
| thread_local S s;
| S * get () { return &s; }
| 
| // libstdc++ support.
| #ifndef _GLIBCXX_HAVE___CXA_THREAD_ATEXIT_IMPL
| #error __cxa_thread_atexit_impl not supported
| #endif
| 
configure:6673: result: no
configure:6703: result: running configure fragment for sysdeps/unix/sysv/linux/x86_64/64
configure:6703: result: running configure fragment for sysdeps/unix/sysv/linux/x86_64
configure:6703: result: running configure fragment for sysdeps/unix/sysv/linux
configure:9: checking installed Linux kernel header files
configure:28: gcc -c -g -O2  conftest.c >&5
configure:28: $? = 0
configure:35: result: 3.2.0 or later
configure:69: checking for kernel header at least 3.2.0
configure:87: gcc -c -g -O2  conftest.c >&5
configure:87: $? = 0
configure:93: result: ok

## ---------------- ##
## Cache variables. ##
## ---------------- ##

ac_cv_build=x86_64-pc-linux-gnu
ac_cv_c_compiler_gnu=yes
ac_cv_cxx_compiler_gnu=no
ac_cv_env_CCC_set=
ac_cv_env_CCC_value=
ac_cv_env_CC_set=
ac_cv_env_CC_value=
ac_cv_env_CFLAGS_set=
ac_cv_env_CFLAGS_value=
ac_cv_env_CPPFLAGS_set=
ac_cv_env_CPPFLAGS_value=
ac_cv_env_CPP_set=
ac_cv_env_CPP_value=
ac_cv_env_CXXFLAGS_set=
ac_cv_env_CXXFLAGS_value=
ac_cv_env_CXX_set=
ac_cv_env_CXX_value=
ac_cv_env_LDFLAGS_set=
ac_cv_env_LDFLAGS_value=
ac_cv_env_LIBS_set=
ac_cv_env_LIBS_value=
ac_cv_env_build_alias_set=
ac_cv_env_build_alias_value=
ac_cv_env_host_alias_set=
ac_cv_env_host_alias_value=
ac_cv_env_target_alias_set=
ac_cv_env_target_alias_value=
ac_cv_host=x86_64-pc-linux-gnu
ac_cv_lib_selinux_is_selinux_enabled=no
ac_cv_objext=o
ac_cv_path_BASH_SHELL=/bin/bash
ac_cv_path_EGREP='/bin/grep -E'
ac_cv_path_GREP=/bin/grep
ac_cv_path_INSTALL_INFO=no
ac_cv_path_PERL=/usr/bin/perl
ac_cv_path_install='/usr/bin/install -c'
ac_cv_prog_AS=as
ac_cv_prog_AWK=gawk
ac_cv_prog_BISON=bison
ac_cv_prog_LD=ld
ac_cv_prog_MAKE=gmake
ac_cv_prog_PYTHON_PROG=python3
ac_cv_prog_SED=sed
ac_cv_prog_ac_ct_CC=gcc
ac_cv_prog_ac_ct_NM=nm
ac_cv_prog_ac_ct_READELF=readelf
ac_cv_prog_cc_g=yes
ac_cv_prog_cxx_g=no
libc_cv_as_noexecstack=yes
libc_cv_asm_set_directive=yes
libc_cv_broken_alias_attribute=no
libc_cv_builtin_trap=yes
libc_cv_cc_loop_to_function=yes
libc_cv_cc_nofma=-ffp-contract=off
libc_cv_cc_with_libunwind=no
libc_cv_compiler_default_cet=no
libc_cv_compiler_ok=yes
libc_cv_cxx_link_ok=no
libc_cv_cxx_thread_local=no
libc_cv_ehdr_start=yes
libc_cv_fno_toplevel_reorder=yes
libc_cv_fpie=yes
libc_cv_gcc_builtin_memset=yes
libc_cv_gcc_builtin_redirection=yes
libc_cv_gcc_incompatible_alias=yes
libc_cv_gcc_indirect_function=yes
libc_cv_gcc_unwind_find_fde=no
libc_cv_has_glob_dat=yes
libc_cv_hashstyle=yes
libc_cv_have_sdata_section=no
libc_cv_have_section_quotes=no
libc_cv_idn=no
libc_cv_insert=yes
libc_cv_ld_gnu_indirect_function=yes
libc_cv_linux320='3.2.0 or later'
libc_cv_localstatedir='${prefix}/var'
libc_cv_mtls_dialect_gnu2=yes
libc_cv_no_dynamic_linker=yes
libc_cv_nss_crypt=no
libc_cv_output_format=elf64-x86-64
libc_cv_predef_fortify_source=no
libc_cv_prog_as_gnu=yes
libc_cv_prog_ld_gnu=yes
libc_cv_protected_data=yes
libc_cv_ssp=yes
libc_cv_ssp_all=yes
libc_cv_ssp_strong=yes
libc_cv_static_nss_crypt=no
libc_cv_static_pie=yes
libc_cv_sysconfdir='${prefix}/etc'
libc_cv_textrel_ifunc=yes
libc_cv_use_default_link=no
libc_cv_with_fp=yes
libc_cv_x32=no
libc_cv_z_combreloc=yes
libc_cv_z_execstack=yes

## ----------------- ##
## Output variables. ##
## ----------------- ##

AR='ar'
AS='as'
ASFLAGS_config=' -Wa,--noexecstack'
AUTOCONF='no'
AWK='gawk'
BASH_SHELL='/bin/bash'
BISON='bison'
BUILD_CC=''
CC='gcc'
CFLAGS='-g -O2'
CPP='gcc -E'
CPPFLAGS=''
CPPUNDEFS=''
CXX=''
CXXFLAGS=''
CXX_BITS_STD_ABS_H=''
CXX_CMATH_HEADER=''
CXX_CSTDLIB_HEADER=''
CXX_SYSINCLUDES=''
DEFINES=''
DEFS=''
ECHO_C=''
ECHO_N='-n'
ECHO_T=''
GPROF='gprof'
INSTALL_DATA='${INSTALL} -m 644'
INSTALL_INFO='no'
INSTALL_PROGRAM='${INSTALL}'
INSTALL_SCRIPT='${INSTALL}'
LD='ld'
LDFLAGS=''
LIBGD='no'
LIBOBJS=''
LIBS=''
LN_S='ln -s'
LTLIBOBJS=''
MAKE='gmake'
MAKEINFO=':'
MSGFMT=':'
NM='nm'
OBJCOPY='objcopy'
OBJDUMP='objdump'
OBJEXT='o'
PACKAGE_BUGREPORT='https://sourceware.org/bugzilla/'
PACKAGE_NAME='GNU C Library'
PACKAGE_STRING='GNU C Library (see version.h)'
PACKAGE_TARNAME='glibc'
PACKAGE_URL='https://www.gnu.org/software/glibc/'
PACKAGE_VERSION='(see version.h)'
PATH_SEPARATOR=':'
PERL='/usr/bin/perl'
PKGVERSION='(GNU libc) '
PKGVERSION_TEXI='(GNU libc) '
PYTHON='python3 -B'
PYTHON_PROG='python3'
READELF='readelf'
RELEASE=''
REPORT_BUGS_TEXI='@uref{https://www.gnu.org/software/libc/bugs.html}'
REPORT_BUGS_TO='<https://www.gnu.org/software/libc/bugs.html>'
SED='sed'
SHELL='/bin/bash'
SYSINCLUDES=''
VERSION=''
ac_ct_CC='gcc'
ac_ct_CXX=''
all_warnings=''
base_machine='x86_64'
bindir='${exec_prefix}/bin'
bindnow='no'
build='x86_64-pc-linux-gnu'
build_alias=''
build_cpu='x86_64'
build_crypt='yes'
build_nscd='default'
build_os='linux-gnu'
build_pt_chown='no'
build_vendor='pc'
cross_compiling='no'
datadir='${datarootdir}'
datarootdir='${prefix}/share'
docdir='${datarootdir}/doc/${PACKAGE_TARNAME}'
dvidir='${docdir}'
enable_timezone_tools='yes'
enable_werror='yes'
exec_prefix='NONE'
experimental_malloc='yes'
extra_nonshared_cflags=''
fno_unit_at_a_time='-fno-toplevel-reorder -fno-section-anchors'
force_install='yes'
hardcoded_path_in_tests='no'
have_libaudit=''
have_libcap=''
have_selinux='no'
have_tunables='yes'
host='x86_64-pc-linux-gnu'
host_alias=''
host_cpu='x86_64'
host_os='linux-gnu'
host_vendor='pc'
htmldir='${docdir}'
includedir='${prefix}/include'
infodir='${datarootdir}/info'
ldd_rewrite_script='sysdeps/unix/sysv/linux/x86_64/ldd-rewrite.sed'
libc_cv_cc_loop_to_function='yes'
libc_cv_cc_nofma='-ffp-contract=off'
libc_cv_cc_pie_default=''
libc_cv_cc_submachine=''
libc_cv_cc_with_libunwind='no'
libc_cv_complocaledir=''
libc_cv_cxx_thread_local='no'
libc_cv_fpie='yes'
libc_cv_gcc_unwind_find_fde='no'
libc_cv_has_glob_dat='yes'
libc_cv_hashstyle='yes'
libc_cv_insert='yes'
libc_cv_localstatedir='${prefix}/var'
libc_cv_mtls_dialect_gnu2='yes'
libc_cv_multidir=''
libc_cv_nss_crypt='no'
libc_cv_output_format='elf64-x86-64'
libc_cv_pic_default=''
libc_cv_pie_default=''
libc_cv_protected_data='yes'
libc_cv_rootsbindir=''
libc_cv_rtlddir=''
libc_cv_slibdir=''
libc_cv_ssp='yes'
libc_cv_static_nss_crypt='no'
libc_cv_sysconfdir='${prefix}/etc'
libc_cv_textrel_ifunc='yes'
libc_cv_with_fp='yes'
libc_cv_z_combreloc='yes'
libc_cv_z_execstack='yes'
libc_extra_cflags=''
libc_extra_cppflags=''
libdir='${exec_prefix}/lib'
libexecdir='${exec_prefix}/libexec'
localedir='${datarootdir}/locale'
localstatedir='${prefix}/var'
mach_interface_list=''
mandir='${datarootdir}/man'
multi_arch='default'
no_stack_protector='-fno-stack-protector -DSTACK_PROTECTOR_LEVEL=0'
oldincludedir='/usr/include'
pdfdir='${docdir}'
prefix='NONE'
profile='no'
program_transform_name='s,x,x,'
psdir='${docdir}'
sbindir='${exec_prefix}/sbin'
shared='yes'
sharedstatedir='${prefix}/com'
stack_protector='-fno-stack-protector'
static=''
static_nss='no'
subdirs=' '
submachine=''
sysconfdir='${prefix}/etc'
sysheaders=''
sysnames=' sysdeps/unix/sysv/linux/x86_64/64 sysdeps/unix/sysv/linux/x86_64 sysdeps/unix/sysv/linux/x86 sysdeps/x86/nptl sysdeps/unix/sysv/linux/wordsize-64 sysdeps/x86_64/nptl sysdeps/unix/sysv/linux sysdeps/nptl sysdeps/pthread sysdeps/gnu sysdeps/unix/inet sysdeps/unix/sysv sysdeps/unix/x86_64 sysdeps/unix sysdeps/posix sysdeps/x86_64/64 sysdeps/x86_64/fpu/multiarch sysdeps/x86_64/fpu sysdeps/x86/fpu sysdeps/x86_64/multiarch sysdeps/x86_64 sysdeps/x86 sysdeps/ieee754/float128 sysdeps/ieee754/ldbl-96 sysdeps/ieee754/dbl-64/wordsize-64 sysdeps/ieee754/dbl-64 sysdeps/ieee754/flt-32 sysdeps/wordsize-64 sysdeps/ieee754 sysdeps/generic'
target_alias=''
use_default_link='no'
use_ldconfig='no'
use_nscd='yes'

## ----------- ##
## confdefs.h. ##
## ----------- ##

/* confdefs.h */
#define PACKAGE_NAME "GNU C Library"
#define PACKAGE_TARNAME "glibc"
#define PACKAGE_VERSION "(see version.h)"
#define PACKAGE_STRING "GNU C Library (see version.h)"
#define PACKAGE_BUGREPORT "https://sourceware.org/bugzilla/"
#define PACKAGE_URL "https://www.gnu.org/software/glibc/"
#define PKGVERSION "(GNU libc) "
#define REPORT_BUGS_TO "<https://www.gnu.org/software/libc/bugs.html>"
#define HAVE_TUNABLES 1
#define HAVE_CC_NO_STACK_PROTECTOR 1
#define STACK_PROTECTOR_LEVEL 0
#define USE_MULTIARCH 1
#define HAVE_ASM_SET_DIRECTIVE 1
#define HAVE_Z_COMBRELOC 1
#define HAVE_BUILTIN_MEMSET 1
#define HAVE_CC_INHIBIT_LOOP_TO_LIBCALL 1
#define HAVE_EHDR_START 1
#define HAVE_BUILTIN_TRAP 1
#define __LINUX_KERNEL_VERSION (3 * 65536 + 2 * 256 + 0)
#define __ABI_TAG_VERSION 3,2,0

configure: exit 1
